<?xml version="1.0" encoding="UTF-8"?>
<!-- Generated by org.testng.reporters.JUnitXMLReporter -->
<testsuite ignored="0" hostname="DESKTOP-O97PORT" failures="1" tests="3" name="Error Validation Test" time="28.572" errors="0" timestamp="2024-10-07T19:40:05 IST">
  <testcase classname="framework.Tests.ErrorValidationsTest" name="LoginErrorValidatoin" time="0.947">
    <skipped/>
  </testcase> <!-- LoginErrorValidatoin -->
  <testcase classname="framework.Tests.ErrorValidationsTest" name="LoginErrorValidatoin" time="0.801">
    <failure type="java.lang.AssertionError" message="expected [Incorrect email or password.] but found [Incorrect email password]">
      <![CDATA[java.lang.AssertionError: expected [Incorrect email or password.] but found [Incorrect email password]
at framework.Tests.ErrorValidationsTest.LoginErrorValidatoin(ErrorValidationsTest.java:48)
at java.base/java.util.ArrayList.forEach(ArrayList.java:1596)
at java.base/java.util.concurrent.FutureTask.run(FutureTask.java:317)
at java.base/java.util.concurrent.ThreadPoolExecutor.runWorker(ThreadPoolExecutor.java:1144)
at java.base/java.util.concurrent.ThreadPoolExecutor$Worker.run(ThreadPoolExecutor.java:642)
at java.base/java.lang.Thread.run(Thread.java:1583)
... Removed 21 stack frames]]>
    </failure>
  </testcase> <!-- LoginErrorValidatoin -->
  <testcase classname="framework.Tests.ErrorValidationsTest" name="ProductErrorValidation" time="14.409"/>
</testsuite> <!-- Error Validation Test -->
